<?xml version="1.0" encoding="UTF-8"?>
<testsuite xmlns:xsi="http://www.w3.org/2001/XMLSchema-instance" xsi:noNamespaceSchemaLocation="https://maven.apache.org/surefire/maven-surefire-plugin/xsd/surefire-test-report.xsd" name="com.ubs.WordCounterTest" time="0.03" tests="6" errors="0" skipped="0" failures="0">
  <properties>
[...]
</properties>
  <testcase name="shouldThrowIllegalArgumentExceptionIfFileInQueueIsIncorrect" classname="com.ubs.WordCounterTest" time="0"/>
  <testcase name="shouldCountSelectedWordFromTwoFiles" classname="com.ubs.WordCounterTest" time="0.005"/>
  <testcase name="shouldThrowNullPointerExceptionWhenTryToGetFileFromEmptyQueue" classname="com.ubs.WordCounterTest" time="0.011"/>
  <testcase name="shouldAddWordsFromFileToMap" classname="com.ubs.WordCounterTest" time="0"/>
  <testcase name="shouldFindSpecifiedWordXTimesInFile" classname="com.ubs.WordCounterTest" time="0.006"/>
  <testcase name="shouldNotAddToMapWordThatWasNotFoundInFile" classname="com.ubs.WordCounterTest" time="0.008"/>
</testsuite>